<?xml version="1.0" encoding="UTF-8"?>
<!-- Generated by org.testng.reporters.JUnitXMLReporter -->
<testsuite ignored="0" hostname="LAPTOP-NQME5MUI" failures="0" tests="3" name="Default test" time="6.707" errors="0" timestamp="2021-10-16T13:40:31 IST">
  <testcase classname="Google_Test.NewTest" name="googlelaunch" time="0.012"/>
  <testcase classname="Google_Test.NewTest" name="launch" time="0.001"/>
  <testcase classname="Google_Test.NewTest" name="launch2" time="6.634"/>
</testsuite> <!-- Default test -->
