<?xml version="1.0" encoding="UTF-8"?>
<!-- Generated by org.testng.reporters.JUnitXMLReporter -->
<testsuite ignored="0" hostname="LAPTOP-NQME5MUI" failures="0" tests="3" name="Test" time="11.326" errors="0" timestamp="2021-10-15T14:49:48 IST">
  <testcase classname="Google_Test.NewTest" name="googlelaunch" time="0.015"/>
  <testcase classname="Google_Page.FirstPage" name="testsuccess" time="0.016"/>
  <testcase classname="Google_Page.FirstPage" name="test" time="2.795"/>
</testsuite> <!-- Test -->
