<?xml version="1.0" encoding="UTF-8"?>
<!-- Generated by org.testng.reporters.JUnitXMLReporter -->
<testsuite ignored="0" hostname="LAPTOP-NQME5MUI" failures="1" tests="1" name="Test" time="0.089" errors="0" timestamp="2021-10-17T21:20:38 IST">
  <testcase classname="Google_Test.googleTest" name="launchwebsite" time="0.011">
    <failure type="java.lang.NullPointerException" message="Cannot read field &amp;quot;contactus&amp;quot; because &amp;quot;this.Ap&amp;quot; is null">
      <![CDATA[java.lang.NullPointerException: Cannot read field "contactus" because "this.Ap" is null
at Google_Test.googleTest.launchwebsite(googleTest.java:38)
at java.base/java.util.ArrayList.forEach(ArrayList.java:1511)
... Removed 27 stack frames]]>
    </failure>
  </testcase> <!-- launchwebsite -->
</testsuite> <!-- Test -->
