<?xml version="1.0" encoding="UTF-8"?>
<testng-results ignored="0" total="6" passed="6" failed="0" skipped="0">
  <reporter-output>
  </reporter-output>
  <suite started-at="2021-10-16T14:27:11 IST" name="Suite" finished-at="2021-10-16T14:27:29 IST" duration-ms="18000">
    <groups>
      <group name="smoke">
        <method signature="NewTest.googlelaunch()[pri:0, instance:Google_Test.NewTest@1de76cc7]" name="googlelaunch" class="Google_Test.NewTest"/>
        <method signature="NewTest.launch()[pri:0, instance:Google_Test.NewTest@1de76cc7]" name="launch" class="Google_Test.NewTest"/>
        <method signature="NewTest.launch2()[pri:0, instance:Google_Test.NewTest@1de76cc7]" name="launch2" class="Google_Test.NewTest"/>
        <method signature="google.test()[pri:-2, instance:Google_Test.google@fa49800]" name="test" class="Google_Test.google"/>
        <method signature="google.testsuccess()[pri:-5, instance:Google_Test.google@fa49800]" name="testsuccess" class="Google_Test.google"/>
        <method signature="other_test.CheckTest()[pri:0, instance:Google_Test.other_test@54bff557]" name="CheckTest" class="Google_Test.other_test"/>
      </group> <!-- smoke -->
    </groups>
    <test started-at="2021-10-16T14:27:11 IST" name="Test" finished-at="2021-10-16T14:27:29 IST" duration-ms="18000">
      <class name="Google_Test.google">
        <test-method is-config="true" signature="setup()[pri:0, instance:Google_Test.google@fa49800]" started-at="2021-10-16T14:27:11 IST" name="setup" finished-at="2021-10-16T14:27:15 IST" duration-ms="4162" status="PASS">
          <reporter-output>
          </reporter-output>
        </test-method> <!-- setup -->
        <test-method signature="testsuccess()[pri:-5, instance:Google_Test.google@fa49800]" started-at="2021-10-16T14:27:15 IST" name="testsuccess" finished-at="2021-10-16T14:27:15 IST" duration-ms="22" status="PASS">
          <reporter-output>
          </reporter-output>
        </test-method> <!-- testsuccess -->
        <test-method is-config="true" signature="close()[pri:0, instance:Google_Test.google@fa49800]" started-at="2021-10-16T14:27:15 IST" name="close" finished-at="2021-10-16T14:27:16 IST" duration-ms="1026" status="PASS">
          <reporter-output>
          </reporter-output>
        </test-method> <!-- close -->
        <test-method is-config="true" signature="setup()[pri:0, instance:Google_Test.google@fa49800]" started-at="2021-10-16T14:27:16 IST" name="setup" finished-at="2021-10-16T14:27:18 IST" duration-ms="1732" status="PASS">
          <reporter-output>
          </reporter-output>
        </test-method> <!-- setup -->
        <test-method signature="test()[pri:-2, instance:Google_Test.google@fa49800]" started-at="2021-10-16T14:27:18 IST" name="test" finished-at="2021-10-16T14:27:20 IST" duration-ms="2800" status="PASS">
          <reporter-output>
          </reporter-output>
        </test-method> <!-- test -->
        <test-method is-config="true" signature="close()[pri:0, instance:Google_Test.google@fa49800]" started-at="2021-10-16T14:27:20 IST" name="close" finished-at="2021-10-16T14:27:21 IST" duration-ms="1005" status="PASS">
          <reporter-output>
          </reporter-output>
        </test-method> <!-- close -->
      </class> <!-- Google_Test.google -->
      <class name="Google_Test.NewTest">
        <test-method signature="googlelaunch()[pri:0, instance:Google_Test.NewTest@1de76cc7]" started-at="2021-10-16T14:27:21 IST" name="googlelaunch" finished-at="2021-10-16T14:27:21 IST" duration-ms="2" status="PASS">
          <reporter-output>
          </reporter-output>
        </test-method> <!-- googlelaunch -->
        <test-method signature="launch()[pri:0, instance:Google_Test.NewTest@1de76cc7]" started-at="2021-10-16T14:27:21 IST" name="launch" finished-at="2021-10-16T14:27:21 IST" duration-ms="3" status="PASS">
          <reporter-output>
          </reporter-output>
        </test-method> <!-- launch -->
        <test-method signature="launch2()[pri:0, instance:Google_Test.NewTest@1de76cc7]" started-at="2021-10-16T14:27:21 IST" name="launch2" finished-at="2021-10-16T14:27:29 IST" duration-ms="7145" status="PASS">
          <reporter-output>
          </reporter-output>
        </test-method> <!-- launch2 -->
      </class> <!-- Google_Test.NewTest -->
      <class name="Google_Test.other_test">
        <test-method signature="CheckTest()[pri:0, instance:Google_Test.other_test@54bff557]" started-at="2021-10-16T14:27:29 IST" name="CheckTest" finished-at="2021-10-16T14:27:29 IST" duration-ms="3" status="PASS">
          <reporter-output>
          </reporter-output>
        </test-method> <!-- CheckTest -->
      </class> <!-- Google_Test.other_test -->
    </test> <!-- Test -->
  </suite> <!-- Suite -->
</testng-results>
