<?xml version="1.0" encoding="UTF-8"?>
<testng-results ignored="0" total="3" passed="3" failed="0" skipped="0">
  <reporter-output>
  </reporter-output>
  <suite started-at="2021-10-15T14:49:36 IST" name="Suite" finished-at="2021-10-15T14:49:47 IST" duration-ms="11326">
    <groups>
      <group name="smoke">
        <method signature="FirstPage.test()[pri:-2, instance:Google_Page.FirstPage@57af006c]" name="test" class="Google_Page.FirstPage"/>
        <method signature="FirstPage.testsuccess()[pri:-5, instance:Google_Page.FirstPage@57af006c]" name="testsuccess" class="Google_Page.FirstPage"/>
        <method signature="NewTest.googlelaunch()[pri:0, instance:Google_Test.NewTest@66498326]" name="googlelaunch" class="Google_Test.NewTest"/>
      </group> <!-- smoke -->
    </groups>
    <test started-at="2021-10-15T14:49:36 IST" name="Test" finished-at="2021-10-15T14:49:47 IST" duration-ms="11326">
      <class name="Google_Page.FirstPage">
        <test-method is-config="true" signature="setup()[pri:0, instance:Google_Page.FirstPage@57af006c]" started-at="2021-10-15T14:49:36 IST" name="setup" finished-at="2021-10-15T14:49:40 IST" duration-ms="3540" status="PASS">
          <reporter-output>
          </reporter-output>
        </test-method> <!-- setup -->
        <test-method signature="testsuccess()[pri:-5, instance:Google_Page.FirstPage@57af006c]" started-at="2021-10-15T14:49:40 IST" name="testsuccess" finished-at="2021-10-15T14:49:40 IST" duration-ms="16" status="PASS">
          <reporter-output>
          </reporter-output>
        </test-method> <!-- testsuccess -->
        <test-method is-config="true" signature="close()[pri:0, instance:Google_Page.FirstPage@57af006c]" started-at="2021-10-15T14:49:40 IST" name="close" finished-at="2021-10-15T14:49:41 IST" duration-ms="1170" status="PASS">
          <reporter-output>
          </reporter-output>
        </test-method> <!-- close -->
        <test-method is-config="true" signature="setup()[pri:0, instance:Google_Page.FirstPage@57af006c]" started-at="2021-10-15T14:49:41 IST" name="setup" finished-at="2021-10-15T14:49:43 IST" duration-ms="2411" status="PASS">
          <reporter-output>
          </reporter-output>
        </test-method> <!-- setup -->
        <test-method signature="test()[pri:-2, instance:Google_Page.FirstPage@57af006c]" started-at="2021-10-15T14:49:43 IST" name="test" finished-at="2021-10-15T14:49:46 IST" duration-ms="2795" status="PASS">
          <reporter-output>
          </reporter-output>
        </test-method> <!-- test -->
        <test-method is-config="true" signature="close()[pri:0, instance:Google_Page.FirstPage@57af006c]" started-at="2021-10-15T14:49:46 IST" name="close" finished-at="2021-10-15T14:49:47 IST" duration-ms="1264" status="PASS">
          <reporter-output>
          </reporter-output>
        </test-method> <!-- close -->
      </class> <!-- Google_Page.FirstPage -->
      <class name="Google_Test.NewTest">
        <test-method signature="googlelaunch()[pri:0, instance:Google_Test.NewTest@66498326]" started-at="2021-10-15T14:49:36 IST" name="googlelaunch" finished-at="2021-10-15T14:49:36 IST" duration-ms="15" status="PASS">
          <reporter-output>
          </reporter-output>
        </test-method> <!-- googlelaunch -->
      </class> <!-- Google_Test.NewTest -->
    </test> <!-- Test -->
  </suite> <!-- Suite -->
</testng-results>
